<?xml version="1.0" encoding="UTF-8"?>
<!-- Generated by org.testng.reporters.JUnitReportReporter -->
<testsuite hostname="pkp-laptop" failures="0" tests="1" name="Salesforces.HomePage" time="9.211" errors="0" timestamp="11 Aug 2018 19:07:58 GMT" skipped="0">
  <testcase classname="Salesforces.HomePage" name="navigateURL" time="9.211"/>
</testsuite> <!-- Salesforces.HomePage -->
